<?xml version="1.0" encoding="UTF-8"?>
<!-- Generated by org.testng.reporters.JUnitReportReporter -->
<testsuite skipped="1" hostname="Olasunkanmis-MacBook-Pro.local" name="com.rightmove.qa.testcases.BuySearchPageTest" tests="2" failures="0" timestamp="21 Jun 2018 03:04:58 GMT" time="11.791" errors="0">
  <testcase name="findPropertiesTest" time="11.791" classname="com.rightmove.qa.testcases.BuySearchPageTest"/>
  <testcase name="verifyBuyHeaderTitleTest" classname="com.rightmove.qa.testcases.BuySearchPageTest">
    <skipped/>
  </testcase> <!-- verifyBuyHeaderTitleTest -->
</testsuite> <!-- com.rightmove.qa.testcases.BuySearchPageTest -->
