<?xml version="1.0" encoding="UTF-8"?>
<!-- Generated by org.testng.reporters.JUnitReportReporter -->
<testsuite skipped="1" hostname="WFMAC22.local" name="com.rightmove.qa.testcases.BuySearchPageTest" tests="2" failures="0" timestamp="21 Jun 2018 16:04:04 GMT" time="11.304" errors="0">
  <testcase name="findPropertiesTest" time="11.304" classname="com.rightmove.qa.testcases.BuySearchPageTest"/>
  <testcase name="verifyBuyHeaderTitleTest" classname="com.rightmove.qa.testcases.BuySearchPageTest">
    <skipped/>
  </testcase> <!-- verifyBuyHeaderTitleTest -->
</testsuite> <!-- com.rightmove.qa.testcases.BuySearchPageTest -->
