<?xml version="1.0" encoding="UTF-8"?>
<!-- Generated by org.testng.reporters.JUnitReportReporter -->
<testsuite skipped="0" hostname="WFMAC22.local" name="com.rightmove.qa.base.TestBase" tests="1" failures="0" timestamp="18 Jun 2018 23:51:10 GMT" time="3.617" errors="0">
  <testcase name="initialization" time="3.617" classname="com.rightmove.qa.base.TestBase"/>
</testsuite> <!-- com.rightmove.qa.base.TestBase -->
