<?xml version="1.0" encoding="UTF-8"?>
<!-- Generated by org.testng.reporters.JUnitReportReporter -->
<testsuite skipped="0" hostname="WFMAC22.local" name="com.rightmove.qa.testcases.RentSearchPageTest" tests="2" failures="0" timestamp="21 Jun 2018 17:19:44 GMT" time="14.830" errors="0">
  <testcase name="verifyRentHeaderTitleTest" time="3.915" classname="com.rightmove.qa.testcases.RentSearchPageTest"/>
  <testcase name="findPropertiesTest" time="10.915" classname="com.rightmove.qa.testcases.RentSearchPageTest"/>
</testsuite> <!-- com.rightmove.qa.testcases.RentSearchPageTest -->
