<?xml version="1.0" encoding="UTF-8"?>
<!-- Generated by org.testng.reporters.JUnitReportReporter -->
<testsuite skipped="0" hostname="Olasunkanmis-MacBook-Pro.local" name="com.rightmove.qa.testcases.RentSearchPageTest" tests="1" failures="0" timestamp="20 Jun 2018 23:54:09 GMT" time="9.705" errors="0">
  <testcase name="verifyRentHeaderTitleTest" time="9.705" classname="com.rightmove.qa.testcases.RentSearchPageTest"/>
</testsuite> <!-- com.rightmove.qa.testcases.RentSearchPageTest -->
